2016-09-01 22:21:40  x     _filelist.lst                            ::           .  0  0000000000 
2011-08-25 06:14:30  x     bzrGet_vishiaRun.bat                     ::           . 35 -0964060138 

2016-09-01 22:21:40 Dx     === _make/ =============================================================
2011-03-22 07:46:54  x     GenReflectProAgentExplorerXml.manifest   ::           . 71  1639857466 
2012-03-03 22:58:26  x     genjavadoc.sh                            ::           .884  0556073243 
2011-08-07 21:49:56  x     javacjar.sh                              ::          2.388 -0652346373 
2011-03-22 07:46:54  x     makejar_GenReflectProAgentExplorerXml.bat ::          2.021  0140353042 
2011-05-23 09:06:42  x     makejar_vishiaRun.bat                    ::          2.467  2061471209 
2011-08-07 21:49:56  x     makejar_vishiaRun.sh                     ::          1.802  1126051967 
2011-02-27 18:09:54  x     vishiaRun.manifest                       ::           . 59 -1763424704 

2016-09-01 22:21:40 Dx     === org/ ===============================================================

2016-09-01 22:21:40 Dx     === org/vishia/ =========================================================

2016-09-01 22:21:40 Dx     === org/vishia/communication/ ===========================================
2011-02-21 17:25:36  x     Address_InterProcessComm.java            ::          1.631 -0211980600 
2011-05-06 21:35:52  x     Address_InterProcessComm_Socket.java     ::          5.436 -1048291060 
2011-06-21 16:37:42  x     InspcDataExchangeAccess.java             ::         12.073  0679142743 
2011-02-21 17:25:36  x     InterProcessComm.java                    ::          9.256 -0580519731 
2011-02-21 17:25:36  x     InterProcessCommFactory.java             ::          2.691 -1747833757 
2011-02-21 17:25:36  x     InterProcessCommFactoryAccessor.java     ::          1.931 -1558583456 
2011-02-21 17:25:36  x     InterProcessCommFactorySocket.java       ::          6.017  1289842057 
2012-03-05 08:02:32  x     InterProcessComm_SocketImpl.java         ::          8.410 -1384914972 
2012-03-03 12:43:20  x     SocketTester.java                        ::         12.322 -0391694414 

2016-09-01 22:21:40 Dx     === org/vishia/inspector/ ===============================================
2011-02-21 17:25:36  x     AnswerComm_ifc.java                      ::           .928 -0998812942 
2011-02-21 17:25:36  x     ClassContent.java                        ::         25.356 -0419449630 
2011-02-21 17:25:36  x     CmdConsumer_ifc.java                     ::          2.051 -0195527118 
2011-02-21 17:25:36  x     CmdExecuter.java                         ::          6.313  1530958288 
2011-11-18 16:27:24  x     Comm.java                                ::          7.052  1788491145 
2011-06-27 10:51:08  x     InspcTelgInfoSet.java                    ::          4.148  2034263793 
2011-11-18 16:27:24  x     Inspector.java                           ::          1.371  0356733840 
2011-02-21 17:25:36  x     SearchElement.java                       ::          5.934  1429427323 

2016-09-01 22:21:40 Dx     === org/vishia/inspector/example/ =======================================
2011-05-06 21:35:52  x     ExampleInspector.java                    ::          2.196  1691237537 
2011-02-21 17:25:36  x     WorkingThread.java                       ::          2.677 -2030105214 

2016-09-01 22:21:40 Dx     === org/vishia/inspector/helper/ ========================================
2011-03-22 07:46:54  x     GenReflectProAgentExplorerXml.java       ::          2.165  0943732276 

2016-09-01 22:21:40 Dx     === org/vishia/inspectorAccessor/ =======================================
2011-05-25 20:38:14  x     InspcAccessCheckerRxTelg.java            ::          4.043  0741477582 
2012-04-01 21:58:04  x     InspcAccessEvaluatorRxTelg.java          ::         11.449  1856769162 
2011-05-21 09:11:36  x     InspcAccessExecAnswerTelg_ifc.java       ::           .340 -0933738274 
2011-05-21 09:11:36  x     InspcAccessExecRxOrder_ifc.java          ::           .351  1264016520 
2011-05-25 20:38:14  x     InspcAccessGenerateOrder.java            ::           .929  2112380679 
2011-12-17 08:17:38  x     InspcAccessor.java                       ::         14.446  0187204709 
2012-04-01 21:58:04  x     InspcMng.java                            ::         13.523  1059255810 
2012-04-01 21:58:04  x     InspcVariable.java                       ::          5.192 -0229741046 
2012-04-01 21:58:04  x     TestAccessor.java                        ::          2.231  0411102823 

2016-09-01 22:21:40 Dx     === org/vishia/msgDispatch/ =============================================
2011-02-21 17:25:36  x     LogMessageFile.java                      ::         24.284 -0643676035 
2012-01-13 20:53:18  x     MsgDispatcher.java                       ::         41.290  1862009773 

2016-09-01 22:21:40 Dx     === org/vishia/reflect/ =================================================
2011-11-01 17:07:02  x     ClassJc.java                             ::          6.505 -2105147207 
2011-11-01 17:07:02  x     FieldJc.java                             ::         31.237 -1877278453 
2012-04-01 21:58:04  x     FieldVariableAccess.java                 ::          3.724  0963379743 
2011-02-21 17:25:36  x     MemAccessArrayDebugJc.java               ::          1.201 -0012685299 
2011-02-21 17:25:36  x     ModifierJc.java                          ::          2.752  0177078075 
